#
# A fatal error has been detected by the Java Runtime Environment:
#
#  Internal Error (javaClasses.cpp:126), pid=10016, tid=10048
#  fatal error: Invalid layout of preloaded class
#
# JRE version:  (8.0_25-b18) (build )
# Java VM: Java HotSpot(TM) 64-Bit Server VM (25.25-b02 mixed mode windows-amd64 compressed oops)
# Failed to write core dump. Minidumps are not enabled by default on client versions of Windows
#
# If you would like to submit a bug report, please visit:
#   http://bugreport.sun.com/bugreport/crash.jsp
#

---------------  T H R E A D  ---------------

Current thread (0x0000000002a1d800):  JavaThread "Unknown thread" [_thread_in_vm, id=10048, stack(0x0000000002860000,0x0000000002960000)]

Stack: [0x0000000002860000,0x0000000002960000]
Native frames: (J=compiled Java code, j=interpreted, Vv=VM code, C=native code)
V  [jvm.dll+0x31667a]
V  [jvm.dll+0x267073]
V  [jvm.dll+0x267cb3]
V  [jvm.dll+0x25f536]
V  [jvm.dll+0x5e773]
V  [jvm.dll+0x5e863]
V  [jvm.dll+0x731ca]
V  [jvm.dll+0x73528]
V  [jvm.dll+0xe48b7]
V  [jvm.dll+0xe4c46]
V  [jvm.dll+0x1f9ae7]
V  [jvm.dll+0x22b2e4]
V  [jvm.dll+0x14d571]
C  [javaw.exe+0x20c6]
C  [javaw.exe+0xc9eb]
C  [javaw.exe+0xca7f]
C  [KERNEL32.DLL+0x16ad]
C  [ntdll.dll+0x74629]


---------------  P R O C E S S  ---------------

Java Threads: ( => current thread )

Other Threads:

=>0x0000000002a1d800 (exited) JavaThread "Unknown thread" [_thread_in_vm, id=10048, stack(0x0000000002860000,0x0000000002960000)]

VM state:not at safepoint (not fully initialized)

VM Mutex/Monitor currently owned by a thread: None

GC Heap History (0 events):
No events

Deoptimization events (0 events):
No events

Internal exceptions (0 events):
No events

Events (10 events):
Event: 0.204 loading class java/lang/CharSequence done
Event: 0.204 loading class java/lang/String done
Event: 0.204 loading class java/lang/Class
Event: 0.205 loading class java/lang/reflect/AnnotatedElement
Event: 0.205 loading class java/lang/reflect/AnnotatedElement done
Event: 0.205 loading class java/lang/reflect/GenericDeclaration
Event: 0.205 loading class java/lang/reflect/GenericDeclaration done
Event: 0.205 loading class java/lang/reflect/Type
Event: 0.205 loading class java/lang/reflect/Type done
Event: 0.205 loading class java/lang/Class done


Dynamic libraries:
0x00007ff7c9cf0000 - 0x00007ff7c9d24000 	C:\Program Files\Java\jre1.8.0_25\bin\javaw.exe
0x00007ffadf480000 - 0x00007ffadf62a000 	C:\windows\SYSTEM32\ntdll.dll
0x00007ffaddcc0000 - 0x00007ffadddfa000 	C:\windows\system32\KERNEL32.DLL
0x00007ffadb8c0000 - 0x00007ffadb9cf000 	C:\windows\system32\KERNELBASE.dll
0x00007ffada360000 - 0x00007ffada3e8000 	C:\windows\system32\apphelp.dll
0x00007ffac0450000 - 0x00007ffac049f000 	C:\windows\AppPatch\AppPatch64\AcGenral.DLL
0x00007ffadbe50000 - 0x00007ffadbef7000 	C:\windows\system32\msvcrt.dll
0x00007ffadb580000 - 0x00007ffadb5ab000 	C:\windows\SYSTEM32\SspiCli.dll
0x00007ffaddb90000 - 0x00007ffaddbe1000 	C:\windows\system32\SHLWAPI.dll
0x00007ffadd790000 - 0x00007ffadd901000 	C:\windows\system32\USER32.dll
0x00007ffadbf00000 - 0x00007ffadc078000 	C:\windows\system32\ole32.dll
0x00007ffadc080000 - 0x00007ffadd4a0000 	C:\windows\system32\SHELL32.dll
0x00007ffadad40000 - 0x00007ffadad5e000 	C:\windows\SYSTEM32\USERENV.dll
0x00007ffade270000 - 0x00007ffade315000 	C:\windows\system32\ADVAPI32.dll
0x00007ffad2b30000 - 0x00007ffad2b4b000 	C:\windows\SYSTEM32\MPR.dll
0x00007ffadd650000 - 0x00007ffadd787000 	C:\windows\system32\RPCRT4.dll
0x00007ffadbc50000 - 0x00007ffadbca7000 	C:\windows\SYSTEM32\sechost.dll
0x00007ffadd910000 - 0x00007ffaddae6000 	C:\windows\SYSTEM32\combase.dll
0x00007ffaddf40000 - 0x00007ffade085000 	C:\windows\system32\GDI32.dll
0x00007ffadb740000 - 0x00007ffadb754000 	C:\windows\SYSTEM32\profapi.dll
0x00007ffada000000 - 0x00007ffada09f000 	C:\windows\SYSTEM32\SHCORE.dll
0x00007ffaddc80000 - 0x00007ffaddcb4000 	C:\windows\system32\IMM32.DLL
0x00007ffadbcb0000 - 0x00007ffadbde9000 	C:\windows\system32\MSCTF.dll
0x00007ffad9bd0000 - 0x00007ffad9e2a000 	C:\windows\WinSxS\amd64_microsoft.windows.common-controls_6595b64144ccf1df_6.0.9600.17031_none_6242a4b3ecbb55a1\COMCTL32.dll
0x00007ffaccf90000 - 0x00007ffacd01d000 	C:\Program Files (x86)\AVG\AVG2015\avghooka.dll
0x00000000758c0000 - 0x0000000075992000 	C:\Program Files\Java\jre1.8.0_25\bin\msvcr100.dll
0x00000000759e0000 - 0x000000007623a000 	C:\Program Files\Java\jre1.8.0_25\bin\server\jvm.dll
0x00007ffad2be0000 - 0x00007ffad2be9000 	C:\windows\SYSTEM32\WSOCK32.dll
0x00007ffad8840000 - 0x00007ffad885f000 	C:\windows\SYSTEM32\WINMM.dll
0x00007ffade3d0000 - 0x00007ffade3d7000 	C:\windows\system32\PSAPI.DLL
0x00007ffaddee0000 - 0x00007ffaddf38000 	C:\windows\system32\WS2_32.dll
0x00007ffad8800000 - 0x00007ffad882a000 	C:\windows\SYSTEM32\WINMMBASE.dll
0x00007ffadde00000 - 0x00007ffadde09000 	C:\windows\system32\NSI.dll
0x00007ffadb9d0000 - 0x00007ffadba1a000 	C:\windows\SYSTEM32\cfgmgr32.dll
0x00007ffada5e0000 - 0x00007ffada606000 	C:\windows\SYSTEM32\DEVOBJ.dll
0x0000000077350000 - 0x000000007735f000 	C:\Program Files\Java\jre1.8.0_25\bin\verify.dll
0x0000000077320000 - 0x0000000077348000 	C:\Program Files\Java\jre1.8.0_25\bin\java.dll
0x00000000772d0000 - 0x00000000772e6000 	C:\Program Files\Java\jre1.8.0_25\bin\zip.dll
0x00007ffacd020000 - 0x00007ffacd1a8000 	C:\windows\SYSTEM32\dbghelp.dll

VM Arguments:
jvm_args: -Dfile.encoding=Cp1252 -Xbootclasspath:C:\Program Files (x86)\adt-bundle-windows-x86_64-20140702\sdk\platforms\android-19\android.jar 
java_command: test.Connection
java_class_path (initial): C:\Users\Carlos\Documents\CETYS_Proyectos\CityBug\app\CityBug\bin\classes;C:\Users\Carlos\Documents\CETYS_Proyectos\CityBug\app\CityBug\libs\cassandra-driver-core-2.0.2.jar;C:\Users\Carlos\Documents\CETYS_Proyectos\CityBug\app\CityBug\libs\android-support-v4.jar
Launcher Type: SUN_STANDARD

Environment Variables:
PATH=C:/Program Files/Java/jre1.8.0_25/bin/server;C:/Program Files/Java/jre1.8.0_25/bin;C:/Program Files/Java/jre1.8.0_25/lib/amd64;C:\ProgramData\Oracle\Java\javapath;C:\Program Files (x86)\Lenovo\FusionEngine;C:\Program Files (x86)\Intel\iCLS Client\;C:\Program Files\Intel\iCLS Client\;C:\Program Files (x86)\NVIDIA Corporation\PhysX\Common;C:\windows\system32;C:\windows;C:\windows\System32\Wbem;C:\windows\System32\WindowsPowerShell\v1.0\;C:\Program Files\Intel\Intel(R) Management Engine Components\DAL;C:\Program Files\Intel\Intel(R) Management Engine Components\IPT;C:\Program Files (x86)\Intel\Intel(R) Management Engine Components\DAL;C:\Program Files (x86)\Intel\Intel(R) Management Engine Components\IPT;C:\Program Files (x86)\Common Files\lenovo\easyplussdk\bin;C:\Program Files (x86)\Windows Kits\8.1\Windows Performance Toolkit\;C:\Program Files (x86)\Microsoft SDKs\TypeScript\1.0\;C:\Program Files (x86)\MKVtoolnix;C:\Program Files\nodejs\;C:\Program Files\TortoiseSVN\bin;c:\Program Files (x86)\Microsoft SQL Server\110\Tools\Binn\;c:\Program Files\Microsoft SQL Server\110\Tools\Binn\;c:\Program Files\Microsoft SQL Server\110\DTS\Binn\;c:\Program Files (x86)\Microsoft SQL Server\110\Tools\Binn\ManagementStudio\;c:\Program Files (x86)\Microsoft SQL Server\110\DTS\Binn\;C:\Program Files (x86)\MySQL\MySQL Fabric 1.5.3 & MySQL Utilities 1.5.3 1.5\;C:\Program Files (x86)\MySQL\MySQL Fabric 1.5.3 & MySQL Utilities 1.5.3 1.5\Doctrine extensions for PHP\;C:\Program Files\Intel\WiFi\bin\;C:\Program Files\Common Files\Intel\WirelessCommon\;C:\Users\Carlos\AppData\Roaming\npm;C:\Program Files\Intel\WiFi\bin\;C:\Program Files\Common Files\Intel\WirelessCommon\;C:\Program Files (x86)\adt-bundle-windows-x86_64-20140702\eclipse;
USERNAME=Carlos
OS=Windows_NT
PROCESSOR_IDENTIFIER=Intel64 Family 6 Model 69 Stepping 1, GenuineIntel



---------------  S Y S T E M  ---------------

OS: Windows 8.1 , 64 bit Build 9600 

CPU:total 4 (2 cores per cpu, 2 threads per core) family 6 model 69 stepping 1, cmov, cx8, fxsr, mmx, sse, sse2, sse3, ssse3, sse4.1, sse4.2, popcnt, avx, avx2, aes, clmul, erms, lzcnt, ht, tsc, tscinvbit, bmi1, bmi2

Memory: 4k page, physical 8278296k(4217024k free), swap 16666904k(9963000k free)

vm_info: Java HotSpot(TM) 64-Bit Server VM (25.25-b02) for windows-amd64 JRE (1.8.0_25-b18), built on Oct  7 2014 14:25:37 by "java_re" with MS VC++ 10.0 (VS2010)

time: Sat Apr 11 00:44:19 2015
elapsed time: 0 seconds (0d 0h 0m 0s)

