#
# A fatal error has been detected by the Java Runtime Environment:
#
#  Internal Error (javaClasses.cpp:126), pid=5252, tid=8916
#  fatal error: Invalid layout of preloaded class
#
# JRE version:  (8.0_25-b18) (build )
# Java VM: Java HotSpot(TM) 64-Bit Server VM (25.25-b02 mixed mode windows-amd64 compressed oops)
# Failed to write core dump. Minidumps are not enabled by default on client versions of Windows
#
# If you would like to submit a bug report, please visit:
#   http://bugreport.sun.com/bugreport/crash.jsp
#

---------------  T H R E A D  ---------------

Current thread (0x0000000002a8d800):  JavaThread "Unknown thread" [_thread_in_vm, id=8916, stack(0x00000000027c0000,0x00000000028c0000)]

Stack: [0x00000000027c0000,0x00000000028c0000]
[error occurred during error reporting (printing stack bounds), id 0xc0000005]

Native frames: (J=compiled Java code, j=interpreted, Vv=VM code, C=native code)
V  [jvm.dll+0x31667a]
V  [jvm.dll+0x267073]
V  [jvm.dll+0x267cb3]
V  [jvm.dll+0x288154]
C  [KERNELBASE.dll+0xdd9b6]
C  [ntdll.dll+0xab1d4]
C  [ntdll.dll+0x8c92f]
C  [ntdll.dll+0x9d82d]
C  [ntdll.dll+0x4916b]
C  [ntdll.dll+0x9c9ee]
V  [jvm.dll+0x206881]


---------------  P R O C E S S  ---------------

Java Threads: ( => current thread )

Other Threads:

=>0x0000000002a8d800 (exited) JavaThread "Unknown thread" [_thread_in_vm, id=8916, stack(0x00000000027c0000,0x00000000028c0000)]

VM state:not at safepoint (not fully initialized)

VM Mutex/Monitor currently owned by a thread: None

GC Heap History (0 events):
No events

Deoptimization events (0 events):
No events

Internal exceptions (0 events):
No events

Events (10 events):
Event: 0.045 loading class java/lang/CharSequence done
Event: 0.045 loading class java/lang/String done
Event: 0.045 loading class java/lang/Class
Event: 0.045 loading class java/lang/reflect/AnnotatedElement
Event: 0.045 loading class java/lang/reflect/AnnotatedElement done
Event: 0.045 loading class java/lang/reflect/GenericDeclaration
Event: 0.045 loading class java/lang/reflect/GenericDeclaration done
Event: 0.045 loading class java/lang/reflect/Type
Event: 0.045 loading class java/lang/reflect/Type done
Event: 0.045 loading class java/lang/Class done


Dynamic libraries:
0x00007ff78a040000 - 0x00007ff78a074000 	C:\Program Files\Java\jre1.8.0_25\bin\javaw.exe
0x00007ff8cc1a0000 - 0x00007ff8cc34a000 	C:\windows\SYSTEM32\ntdll.dll
0x00007ff8cafb0000 - 0x00007ff8cb0ea000 	C:\windows\system32\KERNEL32.DLL
0x00007ff8c8760000 - 0x00007ff8c886f000 	C:\windows\system32\KERNELBASE.dll
0x00007ff8c7100000 - 0x00007ff8c7188000 	C:\windows\system32\apphelp.dll
0x00007ff8ae5e0000 - 0x00007ff8ae62f000 	C:\windows\AppPatch\AppPatch64\AcGenral.DLL
0x00007ff8ca5a0000 - 0x00007ff8ca647000 	C:\windows\system32\msvcrt.dll
0x00007ff8c82a0000 - 0x00007ff8c82cb000 	C:\windows\SYSTEM32\SspiCli.dll
0x00007ff8cad00000 - 0x00007ff8cad51000 	C:\windows\system32\SHLWAPI.dll
0x00007ff8ca670000 - 0x00007ff8ca7e1000 	C:\windows\system32\USER32.dll
0x00007ff8ca930000 - 0x00007ff8caaa8000 	C:\windows\system32\ole32.dll
0x00007ff8c8dd0000 - 0x00007ff8ca1f0000 	C:\windows\system32\SHELL32.dll
0x00007ff8c7a60000 - 0x00007ff8c7a7e000 	C:\windows\SYSTEM32\USERENV.dll
0x00007ff8cad60000 - 0x00007ff8cae05000 	C:\windows\system32\ADVAPI32.dll
0x00007ff8bf390000 - 0x00007ff8bf3ab000 	C:\windows\SYSTEM32\MPR.dll
0x00007ff8ca7f0000 - 0x00007ff8ca927000 	C:\windows\system32\RPCRT4.dll
0x00007ff8c8d70000 - 0x00007ff8c8dc7000 	C:\windows\SYSTEM32\sechost.dll
0x00007ff8c8b90000 - 0x00007ff8c8d66000 	C:\windows\SYSTEM32\combase.dll
0x00007ff8c89e0000 - 0x00007ff8c8b25000 	C:\windows\system32\GDI32.dll
0x00007ff8c8460000 - 0x00007ff8c8474000 	C:\windows\SYSTEM32\profapi.dll
0x00007ff8c6ab0000 - 0x00007ff8c6b4f000 	C:\windows\SYSTEM32\SHCORE.dll
0x00007ff8caab0000 - 0x00007ff8caae4000 	C:\windows\system32\IMM32.DLL
0x00007ff8cabc0000 - 0x00007ff8cacf9000 	C:\windows\system32\MSCTF.dll
0x00007ff8c6680000 - 0x00007ff8c68da000 	C:\windows\WinSxS\amd64_microsoft.windows.common-controls_6595b64144ccf1df_6.0.9600.17031_none_6242a4b3ecbb55a1\COMCTL32.dll
0x00007ff8b9cb0000 - 0x00007ff8b9d3d000 	C:\Program Files (x86)\AVG\AVG2015\avghooka.dll
0x000000006ae20000 - 0x000000006aef2000 	C:\Program Files\Java\jre1.8.0_25\bin\msvcr100.dll
0x0000000069310000 - 0x0000000069b6a000 	C:\Program Files\Java\jre1.8.0_25\bin\server\jvm.dll
0x00007ff8bf8e0000 - 0x00007ff8bf8e9000 	C:\windows\SYSTEM32\WSOCK32.dll
0x00007ff8c5a70000 - 0x00007ff8c5a8f000 	C:\windows\SYSTEM32\WINMM.dll
0x00007ff8cb0f0000 - 0x00007ff8cb0f7000 	C:\windows\system32\PSAPI.DLL
0x00007ff8c8970000 - 0x00007ff8c89c8000 	C:\windows\system32\WS2_32.dll
0x00007ff8c5a00000 - 0x00007ff8c5a2a000 	C:\windows\SYSTEM32\WINMMBASE.dll
0x00007ff8c89d0000 - 0x00007ff8c89d9000 	C:\windows\system32\NSI.dll
0x00007ff8c8530000 - 0x00007ff8c857a000 	C:\windows\SYSTEM32\cfgmgr32.dll
0x00007ff8c7300000 - 0x00007ff8c7326000 	C:\windows\SYSTEM32\DEVOBJ.dll
0x000000006ac80000 - 0x000000006ac8f000 	C:\Program Files\Java\jre1.8.0_25\bin\verify.dll
0x000000006ac50000 - 0x000000006ac78000 	C:\Program Files\Java\jre1.8.0_25\bin\java.dll
0x000000006ac00000 - 0x000000006ac16000 	C:\Program Files\Java\jre1.8.0_25\bin\zip.dll
0x00007ff8b9d40000 - 0x00007ff8b9ec8000 	C:\windows\SYSTEM32\dbghelp.dll

VM Arguments:
jvm_args: -Dfile.encoding=Cp1252 -Xbootclasspath:C:\Program Files (x86)\adt-bundle-windows-x86_64-20140702\sdk\platforms\android-19\android.jar 
java_command: test.Connection
java_class_path (initial): C:\Users\Carlos\Documents\CETYS_Proyectos\CityBug\app\CityBug\bin\classes;C:\Users\Carlos\Documents\CETYS_Proyectos\CityBug\app\CityBug\libs\cassandra-driver-core-2.0.2.jar;C:\Users\Carlos\Documents\CETYS_Proyectos\CityBug\app\CityBug\libs\android-support-v4.jar
Launcher Type: SUN_STANDARD

Environment Variables:
PATH=C:/Program Files/Java/jre1.8.0_25/bin/server;C:/Program Files/Java/jre1.8.0_25/bin;C:/Program Files/Java/jre1.8.0_25/lib/amd64;C:\ProgramData\Oracle\Java\javapath;C:\Program Files (x86)\Lenovo\FusionEngine;C:\Program Files (x86)\Intel\iCLS Client\;C:\Program Files\Intel\iCLS Client\;C:\Program Files (x86)\NVIDIA Corporation\PhysX\Common;C:\windows\system32;C:\windows;C:\windows\System32\Wbem;C:\windows\System32\WindowsPowerShell\v1.0\;C:\Program Files\Intel\Intel(R) Management Engine Components\DAL;C:\Program Files\Intel\Intel(R) Management Engine Components\IPT;C:\Program Files (x86)\Intel\Intel(R) Management Engine Components\DAL;C:\Program Files (x86)\Intel\Intel(R) Management Engine Components\IPT;C:\Program Files (x86)\Common Files\lenovo\easyplussdk\bin;C:\Program Files (x86)\Windows Kits\8.1\Windows Performance Toolkit\;C:\Program Files (x86)\Microsoft SDKs\TypeScript\1.0\;C:\Program Files (x86)\MKVtoolnix;C:\Program Files\nodejs\;C:\Program Files\TortoiseSVN\bin;c:\Program Files (x86)\Microsoft SQL Server\110\Tools\Binn\;c:\Program Files\Microsoft SQL Server\110\Tools\Binn\;c:\Program Files\Microsoft SQL Server\110\DTS\Binn\;c:\Program Files (x86)\Microsoft SQL Server\110\Tools\Binn\ManagementStudio\;c:\Program Files (x86)\Microsoft SQL Server\110\DTS\Binn\;C:\Program Files (x86)\MySQL\MySQL Fabric 1.5.3 & MySQL Utilities 1.5.3 1.5\;C:\Program Files (x86)\MySQL\MySQL Fabric 1.5.3 & MySQL Utilities 1.5.3 1.5\Doctrine extensions for PHP\;C:\Program Files\Intel\WiFi\bin\;C:\Program Files\Common Files\Intel\WirelessCommon\;C:\Users\Carlos\AppData\Roaming\npm;C:\Program Files\Intel\WiFi\bin\;C:\Program Files\Common Files\Intel\WirelessCommon\;C:\Program Files (x86)\adt-bundle-windows-x86_64-20140702\eclipse;
USERNAME=Carlos
OS=Windows_NT
PROCESSOR_IDENTIFIER=Intel64 Family 6 Model 69 Stepping 1, GenuineIntel



---------------  S Y S T E M  ---------------

OS: Windows 8.1 , 64 bit Build 9600 

CPU:total 4 (2 cores per cpu, 2 threads per core) family 6 model 69 stepping 1, cmov, cx8, fxsr, mmx, sse, sse2, sse3, ssse3, sse4.1, sse4.2, popcnt, avx, avx2, aes, clmul, erms, lzcnt, ht, tsc, tscinvbit, bmi1, bmi2

Memory: 4k page, physical 8278296k(4631612k free), swap 16666904k(10309104k free)

vm_info: Java HotSpot(TM) 64-Bit Server VM (25.25-b02) for windows-amd64 JRE (1.8.0_25-b18), built on Oct  7 2014 14:25:37 by "java_re" with MS VC++ 10.0 (VS2010)

time: Wed Apr 08 03:43:32 2015
elapsed time: 0 seconds (0d 0h 0m 0s)

